# JRE version: Java(TM) SE Runtime Environment (17.0.6+9) (build 17.0.6+9-LTS-190)
# Java VM: Java HotSpot(TM) 64-Bit Server VM (17.0.6+9-LTS-190, mixed mode, sharing, tiered, compressed oops, compressed class ptrs, g1 gc, windows-amd64)
GC Precious Log:
 CPUs: 4 total, 4 available
 Memory: 3460M
 Large Page Support: Disabled
 NUMA Support: Disabled
 Compressed Oops: Enabled (32-bit)
 Heap Region Size: 1M
 Heap Min Capacity: 8M
 Heap Initial Capacity: 56M
 Heap Max Capacity: 866M
 Pre-touch: Disabled
 Parallel Workers: 4
 Concurrent Workers: 1
 Concurrent Refinement Workers: 4
 Periodic GC: Disabled
Heap:
 garbage-first heap   total 80896K, used 15646K [0x00000000c9e00000, 0x0000000100000000)
  region size 1024K, 2 young (2048K), 2 survivors (2048K)
 Metaspace       used 15070K, committed 15296K, reserved 1064960K
  class space    used 1620K, committed 1728K, reserved 1048576K
GC Heap History (20 events):
Event: 2.896 GC heap after
{Heap after GC invocations=3 (full 0):
 garbage-first heap   total 57344K, used 5560K [0x00000000c9e00000, 0x0000000100000000)
  region size 1024K, 3 young (3072K), 3 survivors (3072K)
 Metaspace       used 9542K, committed 9728K, reserved 1064960K
  class space    used 1186K, committed 1280K, reserved 1048576K
}
Event: 4.095 GC heap before
{Heap before GC invocations=3 (full 0):
 garbage-first heap   total 57344K, used 36280K [0x00000000c9e00000, 0x0000000100000000)
  region size 1024K, 33 young (33792K), 3 survivors (3072K)
 Metaspace       used 12355K, committed 12544K, reserved 1064960K
  class space    used 1438K, committed 1536K, reserved 1048576K
}
Event: 4.113 GC heap after
{Heap after GC invocations=4 (full 0):
 garbage-first heap   total 57344K, used 10029K [0x00000000c9e00000, 0x0000000100000000)
  region size 1024K, 5 young (5120K), 5 survivors (5120K)
 Metaspace       used 12355K, committed 12544K, reserved 1064960K
  class space    used 1438K, committed 1536K, reserved 1048576K
}
Event: 4.778 GC heap before
{Heap before GC invocations=4 (full 0):
 garbage-first heap   total 57344K, used 37677K [0x00000000c9e00000, 0x0000000100000000)
  region size 1024K, 32 young (32768K), 5 survivors (5120K)
 Metaspace       used 12684K, committed 12800K, reserved 1064960K
  class space    used 1445K, committed 1536K, reserved 1048576K
}
Event: 4.791 GC heap after
{Heap after GC invocations=5 (full 0):
 garbage-first heap   total 57344K, used 12288K [0x00000000c9e00000, 0x0000000100000000)
  region size 1024K, 2 young (2048K), 2 survivors (2048K)
 Metaspace       used 12684K, committed 12800K, reserved 1064960K
  class space    used 1445K, committed 1536K, reserved 1048576K
}
Event: 5.461 GC heap before
{Heap before GC invocations=5 (full 0):
 garbage-first heap   total 57344K, used 39936K [0x00000000c9e00000, 0x0000000100000000)
  region size 1024K, 29 young (29696K), 2 survivors (2048K)
 Metaspace       used 13138K, committed 13312K, reserved 1064960K
  class space    used 1462K, committed 1536K, reserved 1048576K
}
Event: 5.467 GC heap after
{Heap after GC invocations=6 (full 0):
 garbage-first heap   total 57344K, used 13258K [0x00000000c9e00000, 0x0000000100000000)
  region size 1024K, 3 young (3072K), 3 survivors (3072K)
 Metaspace       used 13138K, committed 13312K, reserved 1064960K
  class space    used 1462K, committed 1536K, reserved 1048576K
}
Event: 5.781 GC heap before
{Heap before GC invocations=6 (full 0):
 garbage-first heap   total 57344K, used 30666K [0x00000000c9e00000, 0x0000000100000000)
  region size 1024K, 13 young (13312K), 3 survivors (3072K)
 Metaspace       used 14078K, committed 14336K, reserved 1064960K
  class space    used 1559K, committed 1664K, reserved 1048576K
}
Event: 5.788 GC heap after
{Heap after GC invocations=7 (full 0):
 garbage-first heap   total 57344K, used 22227K [0x00000000c9e00000, 0x0000000100000000)
  region size 1024K, 2 young (2048K), 2 survivors (2048K)
 Metaspace       used 14078K, committed 14336K, reserved 1064960K
  class space    used 1559K, committed 1664K, reserved 1048576K
}
Event: 5.801 GC heap before
{Heap before GC invocations=7 (full 0):
 garbage-first heap   total 57344K, used 34515K [0x00000000c9e00000, 0x0000000100000000)
  region size 1024K, 3 young (3072K), 2 survivors (2048K)
 Metaspace       used 14078K, committed 14336K, reserved 1064960K
  class space    used 1559K, committed 1664K, reserved 1048576K
}
Event: 5.806 GC heap after
{Heap after GC invocations=8 (full 0):
 garbage-first heap   total 69632K, used 34488K [0x00000000c9e00000, 0x0000000100000000)
  region size 1024K, 1 young (1024K), 1 survivors (1024K)
 Metaspace       used 14078K, committed 14336K, reserved 1064960K
  class space    used 1559K, committed 1664K, reserved 1048576K
}
Event: 5.836 GC heap before
{Heap before GC invocations=8 (full 0):
 garbage-first heap   total 69632K, used 54968K [0x00000000c9e00000, 0x0000000100000000)
  region size 1024K, 2 young (2048K), 1 survivors (1024K)
 Metaspace       used 14134K, committed 14336K, reserved 1064960K
  class space    used 1566K, committed 1664K, reserved 1048576K
}
Event: 5.840 GC heap after
{Heap after GC invocations=9 (full 0):
 garbage-first heap   total 69632K, used 22143K [0x00000000c9e00000, 0x0000000100000000)
  region size 1024K, 1 young (1024K), 1 survivors (1024K)
 Metaspace       used 14134K, committed 14336K, reserved 1064960K
  class space    used 1566K, committed 1664K, reserved 1048576K
}
Event: 5.865 GC heap before
{Heap before GC invocations=9 (full 0):
 garbage-first heap   total 80896K, used 67199K [0x00000000c9e00000, 0x0000000100000000)
  region size 1024K, 2 young (2048K), 1 survivors (1024K)
 Metaspace       used 14134K, committed 14336K, reserved 1064960K
  class space    used 1566K, committed 1664K, reserved 1048576K
}
Event: 5.867 GC heap after
{Heap after GC invocations=10 (full 0):
 garbage-first heap   total 80896K, used 34409K [0x00000000c9e00000, 0x0000000100000000)
  region size 1024K, 1 young (1024K), 1 survivors (1024K)
 Metaspace       used 14134K, committed 14336K, reserved 1064960K
  class space    used 1566K, committed 1664K, reserved 1048576K
}
Event: 5.893 GC heap before
{Heap before GC invocations=11 (full 0):
 garbage-first heap   total 80896K, used 67177K [0x00000000c9e00000, 0x0000000100000000)
  region size 1024K, 2 young (2048K), 1 survivors (1024K)
 Metaspace       used 14134K, committed 14336K, reserved 1064960K
  class space    used 1566K, committed 1664K, reserved 1048576K
}
Event: 5.897 GC heap after
{Heap after GC invocations=12 (full 0):
 garbage-first heap   total 80896K, used 34402K [0x00000000c9e00000, 0x0000000100000000)
  region size 1024K, 1 young (1024K), 1 survivors (1024K)
 Metaspace       used 14134K, committed 14336K, reserved 1064960K
  class space    used 1566K, committed 1664K, reserved 1048576K
}
Event: 5.950 GC heap before
{Heap before GC invocations=12 (full 0):
 garbage-first heap   total 80896K, used 48738K [0x00000000c9e00000, 0x0000000100000000)
  region size 1024K, 3 young (3072K), 1 survivors (1024K)
 Metaspace       used 14157K, committed 14336K, reserved 1064960K
  class space    used 1567K, committed 1664K, reserved 1048576K
}
Event: 5.954 GC heap after
{Heap after GC invocations=13 (full 0):
 garbage-first heap   total 80896K, used 13803K [0x00000000c9e00000, 0x0000000100000000)
  region size 1024K, 1 young (1024K), 1 survivors (1024K)
 Metaspace       used 14157K, committed 14336K, reserved 1064960K
  class space    used 1567K, committed 1664K, reserved 1048576K
}
Event: 7.039 GC heap before
{Heap before GC invocations=13 (full 0):
 garbage-first heap   total 80896K, used 60907K [0x00000000c9e00000, 0x0000000100000000)
  region size 1024K, 47 young (48128K), 1 survivors (1024K)
 Metaspace       used 15070K, committed 15296K, reserved 1064960K
  class space    used 1620K, committed 1728K, reserved 1048576K
}

